<?xml version="1.0" encoding="UTF-8"?>
<!-- Generated by org.testng.reporters.JUnitReportReporter -->
<testsuite skipped="0" hostname="DESKTOP-D2VNVIF" name="com.crm.comcast.orgTest.BothTCOrgTest" tests="2" failures="0" timestamp="22 Jan 2022 17:33:02 GMT" time="247.402" errors="0">
  <testcase name="createOrgwithIndustry" time="82.506" classname="com.crm.comcast.orgTest.BothTCOrgTest"/>
  <testcase name="contactTest" time="164.896" classname="com.crm.comcast.orgTest.BothTCOrgTest"/>
</testsuite> <!-- com.crm.comcast.orgTest.BothTCOrgTest -->
