<?xml version="1.0" encoding="UTF-8"?>
<!-- Generated by org.testng.reporters.JUnitReportReporter -->
<testsuite skipped="0" hostname="DESKTOP-D2VNVIF" name="com.crm.comcast.contactTest.BothTCContactTest" tests="2" failures="0" timestamp="22 Jan 2022 20:55:19 GMT" time="141.211" errors="0">
  <testcase name="CreateOrgWithIndsDDTest" time="51.069" classname="com.crm.comcast.contactTest.BothTCContactTest"/>
  <testcase name="CreateContactTest" time="90.142" classname="com.crm.comcast.contactTest.BothTCContactTest"/>
</testsuite> <!-- com.crm.comcast.contactTest.BothTCContactTest -->
